<?xml version="1.0" encoding="UTF-8"?>
<testng-results skipped="0" failed="0" ignored="0" total="1" passed="1">
  <reporter-output>
  </reporter-output>
  <suite name="Default suite" duration-ms="26151" started-at="2017-06-10T06:12:48Z" finished-at="2017-06-10T06:13:14Z">
    <groups>
    </groups>
    <test name="Default test" duration-ms="26151" started-at="2017-06-10T06:12:48Z" finished-at="2017-06-10T06:13:14Z">
      <class name="googleTest.GoogleTest">
        <test-method status="PASS" signature="loginTest()[pri:0, instance:googleTest.GoogleTest@523884b2]" name="loginTest" duration-ms="26129" started-at="2017-06-10T11:42:48Z" finished-at="2017-06-10T11:43:14Z">
          <reporter-output>
          </reporter-output>
        </test-method> <!-- loginTest -->
      </class> <!-- googleTest.GoogleTest -->
    </test> <!-- Default test -->
  </suite> <!-- Default suite -->
</testng-results>
